%                         AR=   12.001000
%                          b=   27.740313
%                         Sw=   64.121735
%                   C_radice=    2.700000
%        Rapp rastremazione =    0.588889
%   ****   MAC   ****
%                     MAC/Cr=    0.877979
%                    MAC [m]=    2.370544
%                  X_MAC [m]=    0.207751
%                  Y_MAC [m]=    6.313280
%  ****  AER. CENTER   ***
%  POS in x         X_AC [m]=    0.789807
%  POS in aper. y   Y_AC [m]=    6.035230
%  POS in x (%MAC)  X_AC/MAC=    0.245537
%  ****  WING AC MOM COEFF
%    basic load contr  Cmac1=    0.000668
%    local cmac contr  Cmac2=   -0.041003
%            WING      CMACw=   -0.040335
    %Alpha         CL         CDi       Cm(c/4)       e
   10.149850    1.154325    0.035421   -0.113495    0.997762
   12.149850    1.358002    0.049026   -0.133741    0.997718
