 # RISULTATI  DIMENSIONALI  
 
 # Peso                  [Kg]    =    20043.000000
 # ro quota considerata  [Kg/m3] =        1.225000
 # Velocita              [m/s]   =       60.716953
 # pressione dinamica    [kg/mq] =      270.787994
 # semi apertura (b/2)   [m]     =       13.870156
 
 #    y[m]       c[m]       Cl         c*Cl     M[kg*m]   PA_perc   PA_dim[m]   dMt[kg*m]  Mtors[kg*m]
         13.870           1.590           0.254           0.403           0.000           0.000           0.000           0.000           0.000           0.000
         13.801           1.598           0.330           0.527           8.741           0.303          43.134           1.384           7.236           7.236
         13.662           1.614           0.483           0.779          33.275           3.217          37.341           1.288           5.702          12.938
         13.523           1.630           0.588           0.959          65.913          10.096          35.075           1.247           8.254          21.192
         13.385           1.646           0.670           1.102         104.621          21.922          33.808           1.221          11.072          32.265
         13.246           1.661           0.736           1.222         148.270          39.461          32.982           1.203          13.438          45.703
         13.107           1.677           0.790           1.325         196.109          63.344          32.394           1.188          15.518          61.220
         12.969           1.693           0.837           1.416         247.596          94.115          31.951           1.176          17.396          78.616
         12.830           1.709           0.876           1.497         302.314         132.251          31.603           1.165          19.124          97.740
         12.691           1.725           0.911           1.571         359.934         178.179          31.321           1.155          20.735         118.474
         12.552           1.741           0.941           1.638         420.190         232.281          31.088           1.146          22.254         140.728
         12.414           1.757           0.967           1.699         482.860         294.909          30.892           1.138          23.697         164.425
         12.275           1.772           0.991           1.756         547.757         366.383          30.723           1.130          25.078         189.503
         12.136           1.788           1.012           1.810         614.723         447.001          30.576           1.122          26.408         215.912
         11.998           1.804           1.031           1.859         683.622         537.043          30.447           1.114          27.695         243.607
         11.859           1.820           1.047           1.906         754.336         636.766          30.333           1.107          28.946         272.553
         11.720           1.836           1.062           1.950         826.762         746.416          30.230           1.100          30.165         302.718
         11.582           1.852           1.076           1.993         900.809         866.225          30.138           1.093          31.359         334.077
         11.443           1.868           1.088           2.033         976.396         996.411          30.053           1.086          32.529         366.606
         11.304           1.883           1.099           2.071        1053.452        1137.182          29.976           1.080          33.681         400.287
         11.165           1.899           1.110           2.107        1131.912        1288.739          29.905           1.073          34.816         435.102
         11.027           1.915           1.119           2.142        1211.720        1451.272          29.840           1.066          35.936         471.039
         10.888           1.931           1.127           2.176        1292.822        1624.964          29.779           1.060          37.045         508.084
         10.749           1.947           1.135           2.209        1375.172        1809.992          29.721           1.054          38.144         546.228
         10.611           1.963           1.142           2.240        1458.727        2006.525          29.668           1.047          39.234         585.461
         10.472           1.979           1.148           2.271        1543.447        2214.728          29.617           1.041          40.316         625.777
         10.333           1.994           1.154           2.301        1629.297        2434.760          29.570           1.035          41.392         667.170
         10.195           2.010           1.159           2.329        1716.244        2666.775          29.525           1.029          42.463         709.633
         10.056           2.026           1.164           2.357        1804.257        2910.925          29.482           1.022          43.530         753.163
          9.917           2.042           1.168           2.385        1893.307        3167.353          29.441           1.016          44.593         797.756
          9.778           2.058           1.172           2.411        1983.370        3436.205          29.401           1.010          45.654         843.410
          9.640           2.074           1.175           2.437        2074.420        3717.616          29.364           1.004          46.712         890.123
          9.501           2.090           1.179           2.463        2166.434        4011.722          29.327           0.998          47.769         937.892
          9.362           2.105           1.181           2.487        2259.391        4318.656          29.293           0.992          48.825         986.718
          9.224           2.121           1.184           2.512        2353.271        4638.548          29.259           0.986          49.881        1036.598
          9.085           2.137           1.186           2.536        2448.055        4971.525          29.226           0.980          50.936        1087.534
          8.946           2.153           1.189           2.559        2543.726        5317.709          29.195           0.974          51.991        1139.525
          8.808           2.169           1.190           2.582        2640.265        5677.223          29.164           0.968          53.046        1192.571
          8.669           2.185           1.192           2.604        2737.658        6050.186          29.134           0.961          54.103        1246.674
          8.530           2.201           1.194           2.626        2835.890        6436.715          29.105           0.955          55.160        1301.833
          8.391           2.216           1.195           2.648        2934.944        6836.926          29.077           0.949          56.218        1358.051
          8.253           2.232           1.196           2.670        3034.809        7250.933          29.049           0.943          57.277        1415.328
          8.114           2.248           1.197           2.691        3135.470        7678.849          29.022           0.937          58.339        1473.667
          7.975           2.264           1.198           2.711        3236.914        8120.778          28.996           0.931          59.401        1533.068
          7.837           2.280           1.198           2.732        3339.128        8576.831          28.970           0.925          60.465        1593.532
          7.698           2.296           1.199           2.752        3442.102        9047.114          28.945           0.919          61.530        1655.063
          7.559           2.311           1.199           2.771        3545.823        9531.731          28.920           0.913          62.598        1717.661
          7.421           2.327           1.199           2.791        3650.281       10030.789          28.896           0.908          63.668        1781.328
          7.282           2.343           1.199           2.810        3755.463       10544.383          28.872           0.902          64.738        1846.067
          7.143           2.359           1.199           2.829        3861.359       11072.615          28.848           0.896          65.811        1911.878
          7.004           2.375           1.199           2.848        3967.959       11615.584          28.825           0.890          66.886        1978.764
          6.866           2.391           1.199           2.866        4075.253       12173.387          28.802           0.884          67.962        2046.726
          6.727           2.407           1.198           2.884        4183.230       12746.118          28.779           0.878          69.041        2115.767
          6.588           2.423           1.198           2.902        4291.881       13333.875          28.757           0.872          70.121        2185.887
          6.450           2.438           1.197           2.919        4401.195       13936.746          28.735           0.866          71.202        2257.089
          6.311           2.454           1.197           2.937        4511.163       14554.826          28.713           0.860          72.285        2329.374
          6.172           2.470           1.196           2.954        4621.774       15188.202          28.692           0.854          73.369        2402.744
          6.034           2.486           1.195           2.970        4733.021       15836.964          28.671           0.848          74.455        2477.199
          5.895           2.502           1.194           2.987        4844.892       16501.199          28.650           0.842          75.542        2552.741
          5.756           2.518           1.193           3.003        4957.378       17180.996          28.629           0.836          76.630        2629.371
          5.617           2.533           1.192           3.019        5070.471       17876.436          28.608           0.830          77.719        2707.090
          5.479           2.549           1.190           3.035        5184.160       18587.604          28.588           0.824          78.809        2785.899
          5.340           2.565           1.189           3.050        5298.435       19314.578          28.568           0.818          79.899        2865.798
          5.201           2.581           1.188           3.066        5413.288       20057.443          28.548           0.812          80.989        2946.787
          5.063           2.597           1.186           3.081        5528.708       20816.279          28.529           0.806          82.080        3028.867
          4.924           2.613           1.185           3.095        5644.686       21591.162          28.509           0.800          83.171        3112.038
          4.785           2.629           1.183           3.110        5761.212       22382.172          28.490           0.794          84.261        3196.299
          4.647           2.645           1.181           3.124        5878.277       23189.379          28.471           0.788          85.352        3281.651
          4.508           2.660           1.180           3.138        5995.872       24012.861          28.452           0.782          86.442        3368.093
          4.369           2.676           1.178           3.152        6113.986       24852.689          28.433           0.776          87.532        3455.625
          4.230           2.692           1.176           3.165        6232.615       25708.936          28.414           0.770          88.624        3544.249
          4.092           2.700           1.177           3.179        6351.759       26581.670          28.369           0.766          89.603        3633.852
          3.953           2.700           1.182           3.192        6471.401       27470.969          28.299           0.764          90.328        3724.180
          3.814           2.700           1.187           3.204        6591.508       28376.891          28.230           0.762          90.903        3815.083
          3.676           2.700           1.191           3.215        6712.058       29299.506          28.163           0.760          91.460        3906.542
          3.537           2.700           1.195           3.227        6833.032       30238.867          28.096           0.759          92.002        3998.544
          3.398           2.700           1.199           3.237        6954.417       31195.037          28.030           0.757          92.530        4091.074
          3.259           2.700           1.203           3.248        7076.197       32168.072          27.965           0.755          93.047        4184.122
          3.121           2.700           1.206           3.258        7198.359       33158.023          27.901           0.753          93.552        4277.674
          2.982           2.700           1.210           3.267        7320.889       34164.945          27.837           0.752          94.046        4371.720
          2.843           2.700           1.214           3.277        7443.775       35188.887          27.774           0.750          94.530        4466.250
          2.705           2.700           1.217           3.285        7567.005       36229.898          27.712           0.748          95.002        4561.252
          2.566           2.700           1.220           3.294        7690.567       37288.023          27.650           0.747          95.465        4656.717
          2.427           2.700           1.223           3.303        7814.448       38363.309          27.589           0.745          95.918        4752.634
          2.289           2.700           1.226           3.311        7938.637       39455.801          27.528           0.743          96.360        4848.995
          2.150           2.700           1.229           3.318        8063.121       40565.535          27.468           0.742          96.792        4945.787
          2.011           2.700           1.232           3.326        8187.888       41692.555          27.409           0.740          97.214        5043.000
          1.872           2.700           1.234           3.333        8312.927       42836.902          27.349           0.738          97.626        5140.626
          1.734           2.700           1.237           3.339        8438.224       43998.605          27.291           0.737          98.027        5238.653
          1.595           2.700           1.239           3.346        8563.767       45177.707          27.233           0.735          98.417        5337.070
          1.456           2.700           1.241           3.352        8689.542       46374.234          27.175           0.734          98.796        5435.866
          1.318           2.700           1.243           3.357        8815.536       47588.227          27.118           0.732          99.164        5535.030
          1.179           2.700           1.245           3.363        8941.735       48819.707          27.061           0.731          99.519        5634.549
          1.040           2.700           1.247           3.368        9068.124       50068.703          27.004           0.729          99.862        5734.411
          0.902           2.700           1.249           3.372        9194.688       51335.242          26.948           0.728         100.192        5834.604
          0.763           2.700           1.250           3.376        9321.409       52619.348          26.893           0.726         100.508        5935.112
          0.624           2.700           1.252           3.379        9448.271       53921.039          26.838           0.725         100.810        6035.921
          0.485           2.700           1.253           3.382        9575.255       55240.336          26.783           0.723         101.095        6137.017
          0.347           2.700           1.254           3.385        9702.340       56577.254          26.728           0.722         101.363        6238.380
          0.208           2.700           1.254           3.387        9829.503       57931.801          26.674           0.720         101.612        6339.992
          0.069           2.700           1.255           3.388        9956.719       59303.992          26.621           0.719         101.839        6441.831
          0.000           2.700           1.255           3.388       10020.341       59996.703          26.594           0.718          51.000        6492.831
